<?xml version="1.0" encoding="UTF-8"?>
<!-- Generated by org.testng.reporters.JUnitXMLReporter -->
<testsuite hostname="DESKTOP-GLRLHRK" ignored="0" name="Default test" tests="5" failures="0" timestamp="11 Oct 2020 17:06:52 GMT" time="129.415" errors="0">
  <testcase name="test1" time="8.428" classname="test.scanario.DataDriverTest"/>
  <testcase name="test1" time="7.397" classname="test.scanario.DataDriverTest"/>
  <testcase name="test1" time="5.792" classname="test.scanario.DataDriverTest"/>
  <testcase name="test1" time="6.985" classname="test.scanario.DataDriverTest"/>
  <testcase name="test1" time="7.332" classname="test.scanario.DataDriverTest"/>
</testsuite> <!-- Default test -->
