<?xml version="1.0" encoding="UTF-8"?>
<testng-results skipped="0" failed="0" ignored="0" total="1" passed="1">
  <reporter-output>
  </reporter-output>
  <suite name="Suite" duration-ms="25289" started-at="2020-10-19T06:59:32Z" finished-at="2020-10-19T06:59:57Z">
    <groups>
    </groups>
    <test name="Test" duration-ms="25289" started-at="2020-10-19T06:59:32Z" finished-at="2020-10-19T06:59:57Z">
      <class name="test.scanario.DemoTest">
        <test-method status="PASS" signature="setUP()[pri:0, instance:test.scanario.DemoTest@57d7f8ca]" name="setUP" is-config="true" duration-ms="18295" started-at="2020-10-19T12:29:32Z" finished-at="2020-10-19T12:29:50Z">
          <reporter-output>
          </reporter-output>
        </test-method> <!-- setUP -->
        <test-method status="PASS" signature="registeruser()[pri:0, instance:test.scanario.DemoTest@57d7f8ca]" name="registeruser" duration-ms="3551" started-at="2020-10-19T12:29:50Z" finished-at="2020-10-19T12:29:54Z">
          <reporter-output>
          </reporter-output>
        </test-method> <!-- registeruser -->
        <test-method status="PASS" signature="tearDown()[pri:0, instance:test.scanario.DemoTest@57d7f8ca]" name="tearDown" is-config="true" duration-ms="1414" started-at="2020-10-19T12:29:56Z" finished-at="2020-10-19T12:29:57Z">
          <reporter-output>
          </reporter-output>
        </test-method> <!-- tearDown -->
      </class> <!-- test.scanario.DemoTest -->
    </test> <!-- Test -->
  </suite> <!-- Suite -->
</testng-results>
